[UTIL]: Setting the config -c file to /usr/local/etc/flexric/flexric.conf
[UTIL]: Setting path -p for the shared libraries to /usr/local/lib/flexric/
[xAapp]: Initializing ... 
[xApp]: nearRT-RIC IP Address = 10.244.0.11, PORT = 36422
[E2 AGENT]: Opening plugin from path = /usr/local/lib/flexric/librlc_sm.so 
[E2 AGENT]: Opening plugin from path = /usr/local/lib/flexric/librc_sm.so 
[E2 AGENT]: Opening plugin from path = /usr/local/lib/flexric/libpdcp_sm.so 
[E2 AGENT]: Opening plugin from path = /usr/local/lib/flexric/libkpm_sm.so 
[E2 AGENT]: Opening plugin from path = /usr/local/lib/flexric/libmac_sm.so 
[E2 AGENT]: Opening plugin from path = /usr/local/lib/flexric/libgtp_sm.so 
[E2 AGENT]: Opening plugin from path = /usr/local/lib/flexric/libtc_sm.so 
[E2 AGENT]: Opening plugin from path = /usr/local/lib/flexric/libslice_sm.so 
[NEAR-RIC]: Loading SM ID = 143 with def = RLC_STATS_V0 
[NEAR-RIC]: Loading SM ID = 3 with def = ORAN-E2SM-RC 
[NEAR-RIC]: Loading SM ID = 144 with def = PDCP_STATS_V0 
[NEAR-RIC]: Loading SM ID = 2 with def = ORAN-E2SM-KPM 
[NEAR-RIC]: Loading SM ID = 142 with def = MAC_STATS_V0 
[NEAR-RIC]: Loading SM ID = 148 with def = GTP_STATS_V0 
[NEAR-RIC]: Loading SM ID = 146 with def = TC_STATS_V0 
[NEAR-RIC]: Loading SM ID = 145 with def = SLICE_STATS_V0 
[xApp]: DB filename = /tmp/xapp_db_1768169330197216 
 [xApp]: E42 SETUP-REQUEST tx
[xApp]: E42 SETUP-RESPONSE rx 
[xApp]: xApp ID = 10 
[xApp]: Registered E2 Nodes = 1 
Connected E2 nodes = 1
[xApp]: registered node 0 ran func id = 2 
 [xApp]: registered node 1 ran func id = 3 
 [xApp]: registered node 2 ran func id = 142 
 [xApp]: registered node 3 ran func id = 143 
 [xApp]: registered node 4 ran func id = 144 
 [xApp]: registered node 5 ran func id = 145 
 [xApp]: registered node 6 ran func id = 146 
 [xApp]: registered node 7 ran func id = 148 
 [xApp]: reporting period = 1000 [ms]
[xApp]: Filter UEs by S-NSSAI criteria where SST = 1
[xApp]: Filter UEs by S-NSSAI criteria where SST = 1
[xApp]: E42 RIC SUBSCRIPTION REQUEST tx RAN_FUNC_ID 2 RIC_REQ_ID 1 
[xApp]: SUBSCRIPTION RESPONSE rx
[xApp]: Successfully subscribed to RAN_FUNC_ID 2 

      1 KPM ind_msg latency = 1768167565044374 [μs]
UE ID type = gNB, amf_ue_ngap_id = 2
DRB.PdcpSduVolumeDL = 0 [kb]
DRB.PdcpSduVolumeUL = 0 [kb]
DRB.RlcSduDelayDl = 0.00 [μs]
DRB.UEThpDl = 0.00 [kbps]
DRB.UEThpUl = 0.00 [kbps]
RRU.PrbTotDl = 5 [PRBs]
RRU.PrbTotUl = 5 [PRBs]

      2 KPM ind_msg latency = 1768167566046009 [μs]
UE ID type = gNB, amf_ue_ngap_id = 2
DRB.PdcpSduVolumeDL = 0 [kb]
DRB.PdcpSduVolumeUL = 0 [kb]
DRB.RlcSduDelayDl = 0.00 [μs]
DRB.UEThpDl = 0.00 [kbps]
DRB.UEThpUl = 0.00 [kbps]
RRU.PrbTotDl = 0 [PRBs]
RRU.PrbTotUl = 5 [PRBs]

      3 KPM ind_msg latency = 1768167567044482 [μs]
UE ID type = gNB, amf_ue_ngap_id = 2
DRB.PdcpSduVolumeDL = 0 [kb]
DRB.PdcpSduVolumeUL = 0 [kb]
DRB.RlcSduDelayDl = 0.00 [μs]
DRB.UEThpDl = 0.00 [kbps]
DRB.UEThpUl = 0.00 [kbps]
RRU.PrbTotDl = 0 [PRBs]
RRU.PrbTotUl = 5 [PRBs]

      4 KPM ind_msg latency = 1768167568043933 [μs]
UE ID type = gNB, amf_ue_ngap_id = 2
DRB.PdcpSduVolumeDL = 0 [kb]
DRB.PdcpSduVolumeUL = 0 [kb]
DRB.RlcSduDelayDl = 0.00 [μs]
DRB.UEThpDl = 0.00 [kbps]
DRB.UEThpUl = 0.00 [kbps]
RRU.PrbTotDl = 5 [PRBs]
RRU.PrbTotUl = 5 [PRBs]

      5 KPM ind_msg latency = 1768167569045342 [μs]
UE ID type = gNB, amf_ue_ngap_id = 2
DRB.PdcpSduVolumeDL = 0 [kb]
DRB.PdcpSduVolumeUL = 0 [kb]
DRB.RlcSduDelayDl = 0.00 [μs]
DRB.UEThpDl = 0.00 [kbps]
DRB.UEThpUl = 0.00 [kbps]
RRU.PrbTotDl = 5 [PRBs]
RRU.PrbTotUl = 5 [PRBs]

      6 KPM ind_msg latency = 1768167570045186 [μs]
UE ID type = gNB, amf_ue_ngap_id = 2
DRB.PdcpSduVolumeDL = 0 [kb]
DRB.PdcpSduVolumeUL = 0 [kb]
DRB.RlcSduDelayDl = 0.00 [μs]
DRB.UEThpDl = 0.00 [kbps]
DRB.UEThpUl = 0.00 [kbps]
RRU.PrbTotDl = 5 [PRBs]
RRU.PrbTotUl = 5 [PRBs]

      7 KPM ind_msg latency = 1768167571045305 [μs]
UE ID type = gNB, amf_ue_ngap_id = 2
DRB.PdcpSduVolumeDL = 0 [kb]
DRB.PdcpSduVolumeUL = 0 [kb]
DRB.RlcSduDelayDl = 0.00 [μs]
DRB.UEThpDl = 0.00 [kbps]
DRB.UEThpUl = 0.00 [kbps]
RRU.PrbTotDl = 0 [PRBs]
RRU.PrbTotU